
SQL*Loader: Release 18.0.0.0.0 - Production on Sun Aug 29 18:25:25 2021
Version 18.4.0.0.0

Copyright (c) 1982, 2019, Oracle and/or its affiliates.  All rights reserved.

Control File:   cargaMasiva.ctl
Data File:      BlockbusterData.csv
  Bad File:     BlockbusterData.bad
  Discard File:  none specified
 
 (Allow all discards)

Number to load: ALL
Number to skip: 1
Errors allowed: 50
Bind array:     250 rows, maximum of 1048576 bytes
Continuation:    none specified
Path used:      Conventional

Table TEMPORAL_TABLE, loaded from every logical record.
Insert option in effect for this table: INSERT

   Column Name                  Position   Len  Term Encl Datatype
------------------------------ ---------- ----- ---- ---- ---------------------
CLIENT_NAME                         FIRST     *   ;  O(") CHARACTER            
CLIENT_EMAIL                         NEXT     *   ;  O(") CHARACTER            
CLIENT_IS_ACTIVE                     NEXT     *   ;  O(") CHARACTER            
CREATION_DATE                        NEXT     *   ;  O(") CHARACTER            
FAVORITE_STORE                       NEXT     *   ;  O(") CHARACTER            
CLIENT_ADDRESS                       NEXT     *   ;  O(") CHARACTER            
ZIP_CODE_CLIENT                      NEXT     *   ;  O(") CHARACTER            
CITY_CLIENT                          NEXT     *   ;  O(") CHARACTER            
COUNTRY_CLIENT                       NEXT     *   ;  O(") CHARACTER            
SALE_DATE                            NEXT     *   ;  O(") CHARACTER            
RETURN_DATE                          NEXT     *   ;  O(") CHARACTER            
MOUNT_TO_PAY                         NEXT     *   ;  O(") CHARACTER            
PAY_DATE                             NEXT     *   ;  O(") CHARACTER            
EMPLOYEE_NAME                        NEXT     *   ;  O(") CHARACTER            
EMPLOYEE_EMAIL                       NEXT     *   ;  O(") CHARACTER            
EMPLOYEE_IS_ACTIVE                   NEXT     *   ;  O(") CHARACTER            
EMPLOYEE_STORE                       NEXT     *   ;  O(") CHARACTER            
EMPLOYEE_USERNAME                    NEXT     *   ;  O(") CHARACTER            
EMPLOYEE_PASSWORD                    NEXT     *   ;  O(") CHARACTER            
EMPLOYEE_ADDRESS                     NEXT     *   ;  O(") CHARACTER            
EMPLOYEE_ZIP_CODE                    NEXT     *   ;  O(") CHARACTER            
EMPLOYEE_CITY                        NEXT     *   ;  O(") CHARACTER            
EMPLOYEE_COUNTRY                     NEXT     *   ;  O(") CHARACTER            
STORE_NAME                           NEXT     *   ;  O(") CHARACTER            
STORE_MANAGER                        NEXT     *   ;  O(") CHARACTER            
STORE_ADDRESS                        NEXT     *   ;  O(") CHARACTER            
STORE_ZIP_CODE                       NEXT     *   ;  O(") CHARACTER            
STORE_CITY                           NEXT     *   ;  O(") CHARACTER            
STORE_COUNTRY                        NEXT     *   ;  O(") CHARACTER            
MOVIE_STORE                          NEXT     *   ;  O(") CHARACTER            
MOVIE_NAME                           NEXT     *   ;  O(") CHARACTER            
MOVIE_DESCRIPTION                    NEXT     *   ;  O(") CHARACTER            
RELEASE_YEAR                         NEXT     *   ;  O(") CHARACTER            
RENT_DAYS                            NEXT     *   ;  O(") CHARACTER            
RENT_COST                            NEXT     *   ;  O(") CHARACTER            
MOVIE_DURATION                       NEXT     *   ;  O(") CHARACTER            
COST_PER_DAMAGE                      NEXT     *   ;  O(") CHARACTER            
CLASSIFICATION                       NEXT     *   ;  O(") CHARACTER            
MOVIE_LANGUAGE                       NEXT     *   ;  O(") CHARACTER            
MOVIE_CATEGORY                       NEXT     *   ;  O(") CHARACTER            
MOVIE_ACTOR                          NEXT     *   ;  O(") CHARACTER            

value used for ROWS parameter changed from 250 to 99

Table TEMPORAL_TABLE:
  89471 Rows successfully loaded.
  0 Rows not loaded due to data errors.
  0 Rows not loaded because all WHEN clauses were failed.
  0 Rows not loaded because all fields were null.


Space allocated for bind array:                1047222 bytes(99 rows)
Read   buffer bytes: 1048576

Total logical records skipped:          1
Total logical records read:         89471
Total logical records rejected:         0
Total logical records discarded:        0

Run began on Sun Aug 29 18:25:25 2021
Run ended on Sun Aug 29 18:25:41 2021

Elapsed time was:     00:00:16.03
CPU time was:         00:00:01.56
